<?xml version="1.0" encoding="UTF-8"?>
<!-- Generated by org.testng.reporters.JUnitXMLReporter -->
<testsuite ignored="0" hostname="DESKTOP-KN5O168" failures="1" tests="4" name="DynamicTest" time="238.777" errors="0" timestamp="2024-09-01T23:41:06 IST">
  <testcase classname="org.testing.testscripts.TC1" name="testcase1" time="37.627"/>
  <testcase classname="org.testing.testscripts.TC2" name="testcase2" time="39.46"/>
  <testcase classname="org.testing.testscripts.TC5" name="testcase5" time="46.279">
    <failure type="org.openqa.selenium.ElementNotInteractableException" message="element not interactable
  (Session info: chrome=128.0.6613.114)
Build info: version: &amp;apos;4.23.0&amp;apos;, revision: &amp;apos;4df0a231af&amp;apos;
System info: os.name: &amp;apos;Windows 10&amp;apos;, os.arch: &amp;apos;amd64&amp;apos;, os.version: &amp;apos;10.0&amp;apos;, java.version: &amp;apos;21.0.2&amp;apos;
Driver info: org.openqa.selenium.chrome.ChromeDriver
Command: [7b4745cf9e44736982db7637cffcee36, clickElement {id=f.C2E1AC8255190BB7D15AD437FB71C7CA.d.25ED8CA2DE73C784F80BFF4B408E2F89.e.117}]
Capabilities {acceptInsecureCerts: false, browserName: chrome, browserVersion: 128.0.6613.114, chrome: {chromedriverVersion: 128.0.6613.86 (3045ed680fda..., userDataDir: C:\Users\SACHIN\AppData\Loc...}, fedcm:accounts: true, goog:chromeOptions: {debuggerAddress: localhost:57636}, networkConnectionEnabled: false, pageLoadStrategy: normal, platformName: windows, proxy: Proxy(), se:cdp: ws://localhost:57636/devtoo..., se:cdpVersion: 128.0.6613.114, setWindowRect: true, strictFileInteractability: false, timeouts: {implicit: 0, pageLoad: 300000, script: 30000}, unhandledPromptBehavior: dismiss and notify, webauthn:extension:credBlob: true, webauthn:extension:largeBlob: true, webauthn:extension:minPinLength: true, webauthn:extension:prf: true, webauthn:virtualAuthenticators: true}
Element: [[ChromeDriver: chrome on windows (7b4745cf9e44736982db7637cffcee36)] -&amp;gt; xpath: //div[@id=&amp;apos;items&amp;apos;]//child::a[@href=&amp;apos;/logout&amp;apos;]]
Session ID: 7b4745cf9e44736982db7637cffcee36">
      <![CDATA[org.openqa.selenium.ElementNotInteractableException: element not interactable
  (Session info: chrome=128.0.6613.114)
Build info: version: '4.23.0', revision: '4df0a231af'
System info: os.name: 'Windows 10', os.arch: 'amd64', os.version: '10.0', java.version: '21.0.2'
Driver info: org.openqa.selenium.chrome.ChromeDriver
Command: [7b4745cf9e44736982db7637cffcee36, clickElement {id=f.C2E1AC8255190BB7D15AD437FB71C7CA.d.25ED8CA2DE73C784F80BFF4B408E2F89.e.117}]
Capabilities {acceptInsecureCerts: false, browserName: chrome, browserVersion: 128.0.6613.114, chrome: {chromedriverVersion: 128.0.6613.86 (3045ed680fda..., userDataDir: C:\Users\SACHIN\AppData\Loc...}, fedcm:accounts: true, goog:chromeOptions: {debuggerAddress: localhost:57636}, networkConnectionEnabled: false, pageLoadStrategy: normal, platformName: windows, proxy: Proxy(), se:cdp: ws://localhost:57636/devtoo..., se:cdpVersion: 128.0.6613.114, setWindowRect: true, strictFileInteractability: false, timeouts: {implicit: 0, pageLoad: 300000, script: 30000}, unhandledPromptBehavior: dismiss and notify, webauthn:extension:credBlob: true, webauthn:extension:largeBlob: true, webauthn:extension:minPinLength: true, webauthn:extension:prf: true, webauthn:virtualAuthenticators: true}
Element: [[ChromeDriver: chrome on windows (7b4745cf9e44736982db7637cffcee36)] -> xpath: //div[@id='items']//child::a[@href='/logout']]
Session ID: 7b4745cf9e44736982db7637cffcee36
at org.openqa.selenium.remote.ErrorCodec.decode(ErrorCodec.java:167)
at org.openqa.selenium.remote.codec.w3c.W3CHttpResponseCodec.decode(W3CHttpResponseCodec.java:138)
at org.openqa.selenium.remote.codec.w3c.W3CHttpResponseCodec.decode(W3CHttpResponseCodec.java:50)
at org.openqa.selenium.remote.HttpCommandExecutor.execute(HttpCommandExecutor.java:190)
at org.openqa.selenium.remote.service.DriverCommandExecutor.invokeExecute(DriverCommandExecutor.java:216)
at org.openqa.selenium.remote.service.DriverCommandExecutor.execute(DriverCommandExecutor.java:174)
at org.openqa.selenium.remote.RemoteWebDriver.execute(RemoteWebDriver.java:527)
at org.openqa.selenium.remote.RemoteWebElement.execute(RemoteWebElement.java:223)
at org.openqa.selenium.remote.RemoteWebElement.click(RemoteWebElement.java:76)
at org.testing.pages.Logoutpage.SignOut(Logoutpage.java:33)
at org.testing.testscripts.TC5.testcase5(TC5.java:39)
at java.base/java.util.ArrayList.forEach(ArrayList.java:1596)
at org.testing.trigger.Runner.executeTestfromExcel(Runner.java:100)
at java.base/java.util.ArrayList.forEach(ArrayList.java:1596)
... Removed 50 stack frames]]>
    </failure>
  </testcase> <!-- testcase5 -->
  <testcase classname="org.testing.testscripts.TC7" name="testcase7" time="50.468"/>
</testsuite> <!-- DynamicTest -->
