<?xml version="1.0" encoding="UTF-8"?>
<!-- Generated by org.testng.reporters.JUnitXMLReporter -->
<testsuite ignored="0" hostname="DESKTOP-KN5O168" failures="1" tests="4" name="Default XmlTest name d34b857b-5b17-4487-8aa1-a87f95a58e04" time="297.646" errors="0" timestamp="2024-09-02T00:58:06 IST">
  <testcase classname="org.testing.testscripts.TC1" name="testcase1" time="42.98"/>
  <testcase classname="org.testing.testscripts.TC2" name="testcase2" time="109.174"/>
  <testcase classname="org.testing.testscripts.TC5" name="testcase5" time="36.983">
    <failure type="org.openqa.selenium.TimeoutException" message="Expected condition failed: waiting for visibility of element located by By.xpath: //div[@id=&amp;apos;owner&amp;apos;]//div[@id=&amp;apos;subscribe-button&amp;apos;]//button[@aria-label=&amp;apos;Subscribe to CricTalks.&amp;apos;] (tried for 3 second(s) with 500 milliseconds interval)
Build info: version: &amp;apos;4.23.0&amp;apos;, revision: &amp;apos;4df0a231af&amp;apos;
System info: os.name: &amp;apos;Windows 10&amp;apos;, os.arch: &amp;apos;amd64&amp;apos;, os.version: &amp;apos;10.0&amp;apos;, java.version: &amp;apos;21.0.2&amp;apos;
Driver info: org.openqa.selenium.chrome.ChromeDriver
Capabilities {acceptInsecureCerts: false, browserName: chrome, browserVersion: 128.0.6613.114, chrome: {chromedriverVersion: 128.0.6613.86 (3045ed680fda..., userDataDir: C:\Users\SACHIN\AppData\Loc...}, fedcm:accounts: true, goog:chromeOptions: {debuggerAddress: localhost:60033}, networkConnectionEnabled: false, pageLoadStrategy: normal, platformName: windows, proxy: Proxy(), se:cdp: ws://localhost:60033/devtoo..., se:cdpVersion: 128.0.6613.114, setWindowRect: true, strictFileInteractability: false, timeouts: {implicit: 0, pageLoad: 300000, script: 30000}, unhandledPromptBehavior: dismiss and notify, webauthn:extension:credBlob: true, webauthn:extension:largeBlob: true, webauthn:extension:minPinLength: true, webauthn:extension:prf: true, webauthn:virtualAuthenticators: true}
Session ID: b75259aea11ab96b8afb56e759ffaabb">
      <![CDATA[org.openqa.selenium.TimeoutException: Expected condition failed: waiting for visibility of element located by By.xpath: //div[@id='owner']//div[@id='subscribe-button']//button[@aria-label='Subscribe to CricTalks.'] (tried for 3 second(s) with 500 milliseconds interval)
Build info: version: '4.23.0', revision: '4df0a231af'
System info: os.name: 'Windows 10', os.arch: 'amd64', os.version: '10.0', java.version: '21.0.2'
Driver info: org.openqa.selenium.chrome.ChromeDriver
Capabilities {acceptInsecureCerts: false, browserName: chrome, browserVersion: 128.0.6613.114, chrome: {chromedriverVersion: 128.0.6613.86 (3045ed680fda..., userDataDir: C:\Users\SACHIN\AppData\Loc...}, fedcm:accounts: true, goog:chromeOptions: {debuggerAddress: localhost:60033}, networkConnectionEnabled: false, pageLoadStrategy: normal, platformName: windows, proxy: Proxy(), se:cdp: ws://localhost:60033/devtoo..., se:cdpVersion: 128.0.6613.114, setWindowRect: true, strictFileInteractability: false, timeouts: {implicit: 0, pageLoad: 300000, script: 30000}, unhandledPromptBehavior: dismiss and notify, webauthn:extension:credBlob: true, webauthn:extension:largeBlob: true, webauthn:extension:minPinLength: true, webauthn:extension:prf: true, webauthn:virtualAuthenticators: true}
Session ID: b75259aea11ab96b8afb56e759ffaabb
at org.openqa.selenium.support.ui.WebDriverWait.timeoutException(WebDriverWait.java:84)
at org.openqa.selenium.support.ui.FluentWait.until(FluentWait.java:228)
at org.testing.pages.Videoplay.clicksubscribe(Videoplay.java:51)
at org.testing.testscripts.TC5.testcase5(TC5.java:37)
at java.base/java.util.ArrayList.forEach(ArrayList.java:1596)
at org.testing.trigger.Runner.executeTests(Runner.java:101)
at java.base/java.util.ArrayList.forEach(ArrayList.java:1596)
... Removed 47 stack frames]]>
    </failure>
  </testcase> <!-- testcase5 -->
  <testcase classname="org.testing.testscripts.TC7" name="testcase7" time="49.883"/>
</testsuite> <!-- Default XmlTest name d34b857b-5b17-4487-8aa1-a87f95a58e04 -->
