<?xml version="1.0" encoding="UTF-8"?>
<!-- Generated by org.testng.reporters.JUnitXMLReporter -->
<testsuite ignored="0" hostname="DESKTOP-KN5O168" failures="2" tests="4" name="Default XmlTest name aa1c6492-ac3e-4928-826c-36aff0bb60d3" time="319.359" errors="0" timestamp="2024-09-07T20:48:09 IST">
  <testcase classname="org.testing.testscripts.TC1" name="testcase1" time="55.368"/>
  <testcase classname="org.testing.testscripts.TC2" name="testcase2" time="48.144"/>
  <testcase classname="org.testing.testscripts.TC5" name="testcase5" time="57.141">
    <failure type="org.openqa.selenium.TimeoutException" message="Expected condition failed: waiting for visibility of element located by By.xpath: //div[@id=&amp;apos;owner&amp;apos;]//div[@id=&amp;apos;subscribe-button&amp;apos;]//button[@aria-label=&amp;apos;Subscribe to CricTalks.&amp;apos;] (tried for 3 second(s) with 500 milliseconds interval)
Build info: version: &amp;apos;4.23.0&amp;apos;, revision: &amp;apos;4df0a231af&amp;apos;
System info: os.name: &amp;apos;Windows 10&amp;apos;, os.arch: &amp;apos;amd64&amp;apos;, os.version: &amp;apos;10.0&amp;apos;, java.version: &amp;apos;21.0.2&amp;apos;
Driver info: org.openqa.selenium.chrome.ChromeDriver
Capabilities {acceptInsecureCerts: false, browserName: chrome, browserVersion: 128.0.6613.120, chrome: {chromedriverVersion: 128.0.6613.119 (6e439cfca4d..., userDataDir: C:\Users\SACHIN\AppData\Loc...}, fedcm:accounts: true, goog:chromeOptions: {debuggerAddress: localhost:54904}, networkConnectionEnabled: false, pageLoadStrategy: normal, platformName: windows, proxy: Proxy(), se:cdp: ws://localhost:54904/devtoo..., se:cdpVersion: 128.0.6613.120, setWindowRect: true, strictFileInteractability: false, timeouts: {implicit: 0, pageLoad: 300000, script: 30000}, unhandledPromptBehavior: dismiss and notify, webauthn:extension:credBlob: true, webauthn:extension:largeBlob: true, webauthn:extension:minPinLength: true, webauthn:extension:prf: true, webauthn:virtualAuthenticators: true}
Session ID: 9e030887e960cbb5bb029e0aa0103675">
      <![CDATA[org.openqa.selenium.TimeoutException: Expected condition failed: waiting for visibility of element located by By.xpath: //div[@id='owner']//div[@id='subscribe-button']//button[@aria-label='Subscribe to CricTalks.'] (tried for 3 second(s) with 500 milliseconds interval)
Build info: version: '4.23.0', revision: '4df0a231af'
System info: os.name: 'Windows 10', os.arch: 'amd64', os.version: '10.0', java.version: '21.0.2'
Driver info: org.openqa.selenium.chrome.ChromeDriver
Capabilities {acceptInsecureCerts: false, browserName: chrome, browserVersion: 128.0.6613.120, chrome: {chromedriverVersion: 128.0.6613.119 (6e439cfca4d..., userDataDir: C:\Users\SACHIN\AppData\Loc...}, fedcm:accounts: true, goog:chromeOptions: {debuggerAddress: localhost:54904}, networkConnectionEnabled: false, pageLoadStrategy: normal, platformName: windows, proxy: Proxy(), se:cdp: ws://localhost:54904/devtoo..., se:cdpVersion: 128.0.6613.120, setWindowRect: true, strictFileInteractability: false, timeouts: {implicit: 0, pageLoad: 300000, script: 30000}, unhandledPromptBehavior: dismiss and notify, webauthn:extension:credBlob: true, webauthn:extension:largeBlob: true, webauthn:extension:minPinLength: true, webauthn:extension:prf: true, webauthn:virtualAuthenticators: true}
Session ID: 9e030887e960cbb5bb029e0aa0103675
at org.openqa.selenium.support.ui.WebDriverWait.timeoutException(WebDriverWait.java:84)
at org.openqa.selenium.support.ui.FluentWait.until(FluentWait.java:228)
at org.testing.pages.Videoplay.clicksubscribe(Videoplay.java:51)
at org.testing.testscripts.TC5.testcase5(TC5.java:37)
at java.base/java.util.ArrayList.forEach(ArrayList.java:1596)
at org.testing.trigger.Runner.main(Runner.java:54)
... Removed 22 stack frames]]>
    </failure>
  </testcase> <!-- testcase5 -->
  <testcase classname="org.testing.testscripts.TC7" name="testcase7" time="52.732">
    <failure type="org.openqa.selenium.NoSuchElementException" message="no such element: Unable to locate element: {&amp;quot;method&amp;quot;:&amp;quot;xpath&amp;quot;,&amp;quot;selector&amp;quot;:&amp;quot;//a[@title=&amp;apos;Live: IND Vs SL, 2nd ODI, Colombo | Live Scores &amp;amp; Commentary | India vs Sri Lanka | Last 6 Over&amp;apos;]//ancestor::div[@id=&amp;apos;details&amp;apos;]//button[@aria-label=&amp;apos;Action menu&amp;apos;]//div[@style=&amp;apos;width: 100%; height: 100%; display: block; fill: currentcolor;&amp;apos;]&amp;quot;}
  (Session info: chrome=128.0.6613.120)
For documentation on this error, please visit: https://www.selenium.dev/documentation/webdriver/troubleshooting/errors#no-such-element-exception
Build info: version: &amp;apos;4.23.0&amp;apos;, revision: &amp;apos;4df0a231af&amp;apos;
System info: os.name: &amp;apos;Windows 10&amp;apos;, os.arch: &amp;apos;amd64&amp;apos;, os.version: &amp;apos;10.0&amp;apos;, java.version: &amp;apos;21.0.2&amp;apos;
Driver info: org.openqa.selenium.chrome.ChromeDriver
Command: [14fe26a95a7d1d922df4cdcc9a45aab0, findElement {using=xpath, value=//a[@title=&amp;apos;Live: IND Vs SL, 2nd ODI, Colombo | Live Scores &amp;amp; Commentary | India vs Sri Lanka | Last 6 Over&amp;apos;]//ancestor::div[@id=&amp;apos;details&amp;apos;]//button[@aria-label=&amp;apos;Action menu&amp;apos;]//div[@style=&amp;apos;width: 100%; height: 100%; display: block; fill: currentcolor;&amp;apos;]}]
Capabilities {acceptInsecureCerts: false, browserName: chrome, browserVersion: 128.0.6613.120, chrome: {chromedriverVersion: 128.0.6613.119 (6e439cfca4d..., userDataDir: C:\Users\SACHIN\AppData\Loc...}, fedcm:accounts: true, goog:chromeOptions: {debuggerAddress: localhost:54997}, networkConnectionEnabled: false, pageLoadStrategy: normal, platformName: windows, proxy: Proxy(), se:cdp: ws://localhost:54997/devtoo..., se:cdpVersion: 128.0.6613.120, setWindowRect: true, strictFileInteractability: false, timeouts: {implicit: 0, pageLoad: 300000, script: 30000}, unhandledPromptBehavior: dismiss and notify, webauthn:extension:credBlob: true, webauthn:extension:largeBlob: true, webauthn:extension:minPinLength: true, webauthn:extension:prf: true, webauthn:virtualAuthenticators: true}
Session ID: 14fe26a95a7d1d922df4cdcc9a45aab0">
      <![CDATA[org.openqa.selenium.NoSuchElementException: no such element: Unable to locate element: {"method":"xpath","selector":"//a[@title='Live: IND Vs SL, 2nd ODI, Colombo | Live Scores & Commentary | India vs Sri Lanka | Last 6 Over']//ancestor::div[@id='details']//button[@aria-label='Action menu']//div[@style='width: 100%; height: 100%; display: block; fill: currentcolor;']"}
  (Session info: chrome=128.0.6613.120)
For documentation on this error, please visit: https://www.selenium.dev/documentation/webdriver/troubleshooting/errors#no-such-element-exception
Build info: version: '4.23.0', revision: '4df0a231af'
System info: os.name: 'Windows 10', os.arch: 'amd64', os.version: '10.0', java.version: '21.0.2'
Driver info: org.openqa.selenium.chrome.ChromeDriver
Command: [14fe26a95a7d1d922df4cdcc9a45aab0, findElement {using=xpath, value=//a[@title='Live: IND Vs SL, 2nd ODI, Colombo | Live Scores & Commentary | India vs Sri Lanka | Last 6 Over']//ancestor::div[@id='details']//button[@aria-label='Action menu']//div[@style='width: 100%; height: 100%; display: block; fill: currentcolor;']}]
Capabilities {acceptInsecureCerts: false, browserName: chrome, browserVersion: 128.0.6613.120, chrome: {chromedriverVersion: 128.0.6613.119 (6e439cfca4d..., userDataDir: C:\Users\SACHIN\AppData\Loc...}, fedcm:accounts: true, goog:chromeOptions: {debuggerAddress: localhost:54997}, networkConnectionEnabled: false, pageLoadStrategy: normal, platformName: windows, proxy: Proxy(), se:cdp: ws://localhost:54997/devtoo..., se:cdpVersion: 128.0.6613.120, setWindowRect: true, strictFileInteractability: false, timeouts: {implicit: 0, pageLoad: 300000, script: 30000}, unhandledPromptBehavior: dismiss and notify, webauthn:extension:credBlob: true, webauthn:extension:largeBlob: true, webauthn:extension:minPinLength: true, webauthn:extension:prf: true, webauthn:virtualAuthenticators: true}
Session ID: 14fe26a95a7d1d922df4cdcc9a45aab0
at org.openqa.selenium.remote.ErrorCodec.decode(ErrorCodec.java:167)
at org.openqa.selenium.remote.codec.w3c.W3CHttpResponseCodec.decode(W3CHttpResponseCodec.java:138)
at org.openqa.selenium.remote.codec.w3c.W3CHttpResponseCodec.decode(W3CHttpResponseCodec.java:50)
at org.openqa.selenium.remote.HttpCommandExecutor.execute(HttpCommandExecutor.java:190)
at org.openqa.selenium.remote.service.DriverCommandExecutor.invokeExecute(DriverCommandExecutor.java:216)
at org.openqa.selenium.remote.service.DriverCommandExecutor.execute(DriverCommandExecutor.java:174)
at org.openqa.selenium.remote.RemoteWebDriver.execute(RemoteWebDriver.java:527)
at org.openqa.selenium.remote.ElementLocation$ElementFinder$2.findElement(ElementLocation.java:165)
at org.openqa.selenium.remote.ElementLocation.findElement(ElementLocation.java:59)
at org.openqa.selenium.remote.RemoteWebDriver.findElement(RemoteWebDriver.java:357)
at org.openqa.selenium.remote.RemoteWebDriver.findElement(RemoteWebDriver.java:351)
at org.testing.pages.Videoplay.clickwatchlater(Videoplay.java:77)
at org.testing.testscripts.TC7.testcase7(TC7.java:39)
at java.base/java.util.ArrayList.forEach(ArrayList.java:1596)
at org.testing.trigger.Runner.main(Runner.java:54)
... Removed 25 stack frames]]>
    </failure>
  </testcase> <!-- testcase7 -->
</testsuite> <!-- Default XmlTest name aa1c6492-ac3e-4928-826c-36aff0bb60d3 -->
